2022/02/15 03:27:54 [emerg] 1#1: host not found in upstream "node:3000" in /etc/nginx/conf.d/default.conf:4
2022/02/15 03:29:48 [emerg] 1#1: host not found in upstream "node:3000" in /etc/nginx/conf.d/default.conf:4
2022/02/15 03:31:43 [emerg] 1#1: host not found in upstream "node:3000" in /etc/nginx/conf.d/default.conf:4
2022/02/15 03:32:06 [emerg] 1#1: host not found in upstream "node:3000" in /etc/nginx/conf.d/default.conf:4
2022/02/15 04:00:06 [emerg] 1#1: host not found in upstream "nextjs_upstream" in /etc/nginx/conf.d/default.conf:23
2022/02/15 04:00:25 [emerg] 1#1: host not found in upstream "nextjs_upstream" in /etc/nginx/conf.d/default.conf:23
2022/02/15 04:00:44 [emerg] 1#1: host not found in upstream "nextjs_upstream" in /etc/nginx/conf.d/default.conf:23
2022/02/15 04:01:27 [emerg] 1#1: host not found in upstream "nextjs_upstream" in /etc/nginx/conf.d/default.conf:23
2022/02/15 04:02:01 [emerg] 1#1: host not found in upstream "nextjs_upstream" in /etc/nginx/conf.d/default.conf:23
2022/02/15 04:05:02 [notice] 1#1: using the "epoll" event method
2022/02/15 04:05:02 [notice] 1#1: nginx/1.21.6
2022/02/15 04:05:02 [notice] 1#1: built by gcc 10.3.1 20211027 (Alpine 10.3.1_git20211027) 
2022/02/15 04:05:02 [notice] 1#1: OS: Linux 5.10.76-linuxkit
2022/02/15 04:05:02 [notice] 1#1: getrlimit(RLIMIT_NOFILE): 1048576:1048576
2022/02/15 04:05:02 [notice] 1#1: start worker processes
2022/02/15 04:05:02 [notice] 1#1: start worker process 32
2022/02/15 04:05:02 [notice] 1#1: start worker process 33
2022/02/15 04:05:02 [notice] 1#1: start worker process 34
2022/02/15 04:05:02 [notice] 1#1: start worker process 35
2022/02/15 04:05:02 [notice] 1#1: start worker process 36
2022/02/15 04:05:02 [notice] 1#1: start cache manager process 37
2022/02/15 04:05:02 [notice] 1#1: start cache loader process 38
2022/02/15 04:06:02 [notice] 38#38: http file cache: /var/cache/nginx 0.000M, bsize: 4096
2022/02/15 04:06:02 [notice] 1#1: signal 17 (SIGCHLD) received from 38
2022/02/15 04:06:02 [notice] 1#1: cache loader process 38 exited with code 0
2022/02/15 04:06:02 [notice] 1#1: signal 29 (SIGIO) received
2022/02/15 04:11:35 [notice] 1#1: signal 3 (SIGQUIT) received, shutting down
2022/02/15 04:11:35 [notice] 32#32: gracefully shutting down
2022/02/15 04:11:35 [notice] 32#32: exiting
2022/02/15 04:11:35 [notice] 33#33: gracefully shutting down
2022/02/15 04:11:35 [notice] 33#33: exiting
2022/02/15 04:11:35 [notice] 35#35: gracefully shutting down
2022/02/15 04:11:35 [notice] 34#34: gracefully shutting down
2022/02/15 04:11:35 [notice] 34#34: exiting
2022/02/15 04:11:35 [notice] 36#36: gracefully shutting down
2022/02/15 04:11:35 [notice] 36#36: exiting
2022/02/15 04:11:35 [notice] 37#37: exiting
2022/02/15 04:11:35 [notice] 32#32: exit
2022/02/15 04:11:35 [notice] 33#33: exit
2022/02/15 04:11:35 [notice] 35#35: exiting
2022/02/15 04:11:35 [notice] 34#34: exit
2022/02/15 04:11:35 [notice] 36#36: exit
2022/02/15 04:11:35 [notice] 35#35: exit
2022/02/15 04:11:35 [notice] 1#1: signal 17 (SIGCHLD) received from 32
2022/02/15 04:11:35 [notice] 1#1: worker process 32 exited with code 0
2022/02/15 04:11:35 [notice] 1#1: signal 29 (SIGIO) received
2022/02/15 04:11:35 [notice] 1#1: signal 17 (SIGCHLD) received from 33
2022/02/15 04:11:35 [notice] 1#1: worker process 33 exited with code 0
2022/02/15 04:11:35 [notice] 1#1: cache manager process 37 exited with code 0
2022/02/15 04:11:35 [notice] 1#1: signal 29 (SIGIO) received
2022/02/15 04:11:35 [notice] 1#1: signal 17 (SIGCHLD) received from 37
2022/02/15 04:11:35 [notice] 1#1: signal 17 (SIGCHLD) received from 34
2022/02/15 04:11:35 [notice] 1#1: worker process 34 exited with code 0
2022/02/15 04:11:35 [notice] 1#1: worker process 35 exited with code 0
2022/02/15 04:11:35 [notice] 1#1: worker process 36 exited with code 0
2022/02/15 04:11:35 [notice] 1#1: exit
2022/02/15 04:11:43 [emerg] 1#1: host not found in upstream "node:3000" in /etc/nginx/conf.d/default.conf:4
2022/02/15 04:15:28 [emerg] 1#1: host not found in upstream "node:4000" in /etc/nginx/conf.d/default.conf:4
2022/02/15 04:23:58 [notice] 1#1: using the "epoll" event method
2022/02/15 04:23:58 [notice] 1#1: nginx/1.21.6
2022/02/15 04:23:58 [notice] 1#1: built by gcc 10.3.1 20211027 (Alpine 10.3.1_git20211027) 
2022/02/15 04:23:58 [notice] 1#1: OS: Linux 5.10.76-linuxkit
2022/02/15 04:23:58 [notice] 1#1: getrlimit(RLIMIT_NOFILE): 1048576:1048576
2022/02/15 04:23:58 [notice] 1#1: start worker processes
2022/02/15 04:23:58 [notice] 1#1: start worker process 33
2022/02/15 04:23:58 [notice] 1#1: start worker process 34
2022/02/15 04:23:58 [notice] 1#1: start worker process 35
2022/02/15 04:23:58 [notice] 1#1: start worker process 36
2022/02/15 04:23:58 [notice] 1#1: start worker process 37
2022/02/15 04:23:58 [notice] 1#1: start cache manager process 38
2022/02/15 04:23:58 [notice] 1#1: start cache loader process 39
2022/02/15 04:24:57 [notice] 1#1: signal 3 (SIGQUIT) received, shutting down
2022/02/15 04:24:57 [notice] 33#33: gracefully shutting down
2022/02/15 04:24:57 [notice] 33#33: exiting
2022/02/15 04:24:57 [notice] 36#36: gracefully shutting down
2022/02/15 04:24:57 [notice] 36#36: exiting
2022/02/15 04:24:57 [notice] 37#37: gracefully shutting down
2022/02/15 04:24:57 [notice] 37#37: exiting
2022/02/15 04:24:57 [notice] 38#38: exiting
2022/02/15 04:24:57 [notice] 34#34: gracefully shutting down
2022/02/15 04:24:57 [notice] 34#34: exiting
2022/02/15 04:24:57 [notice] 35#35: gracefully shutting down
2022/02/15 04:24:57 [notice] 39#39: exiting
2022/02/15 04:24:57 [notice] 33#33: exit
2022/02/15 04:24:57 [notice] 36#36: exit
2022/02/15 04:24:57 [notice] 37#37: exit
2022/02/15 04:24:57 [notice] 34#34: exit
2022/02/15 04:24:57 [notice] 35#35: exiting
2022/02/15 04:24:57 [notice] 35#35: exit
2022/02/15 04:24:57 [notice] 1#1: signal 17 (SIGCHLD) received from 38
2022/02/15 04:24:57 [notice] 1#1: cache manager process 38 exited with code 0
2022/02/15 04:24:57 [notice] 1#1: signal 29 (SIGIO) received
2022/02/15 04:24:57 [notice] 1#1: signal 17 (SIGCHLD) received from 39
2022/02/15 04:24:57 [notice] 1#1: cache loader process 39 exited with code 0
2022/02/15 04:24:57 [notice] 1#1: signal 29 (SIGIO) received
2022/02/15 04:24:57 [notice] 1#1: signal 17 (SIGCHLD) received from 33
2022/02/15 04:24:57 [notice] 1#1: worker process 33 exited with code 0
2022/02/15 04:24:57 [notice] 1#1: signal 29 (SIGIO) received
2022/02/15 04:24:57 [notice] 1#1: signal 17 (SIGCHLD) received from 36
2022/02/15 04:24:57 [notice] 1#1: worker process 36 exited with code 0
2022/02/15 04:24:57 [notice] 1#1: signal 29 (SIGIO) received
2022/02/15 04:24:57 [notice] 1#1: signal 17 (SIGCHLD) received from 37
2022/02/15 04:24:57 [notice] 1#1: worker process 35 exited with code 0
2022/02/15 04:24:57 [notice] 1#1: worker process 37 exited with code 0
2022/02/15 04:24:57 [notice] 1#1: signal 29 (SIGIO) received
2022/02/15 04:24:57 [notice] 1#1: signal 17 (SIGCHLD) received from 34
2022/02/15 04:24:57 [notice] 1#1: worker process 34 exited with code 0
2022/02/15 04:24:57 [notice] 1#1: exit
2022/02/15 04:25:24 [notice] 1#1: using the "epoll" event method
2022/02/15 04:25:24 [notice] 1#1: nginx/1.21.6
2022/02/15 04:25:24 [notice] 1#1: built by gcc 10.3.1 20211027 (Alpine 10.3.1_git20211027) 
2022/02/15 04:25:24 [notice] 1#1: OS: Linux 5.10.76-linuxkit
2022/02/15 04:25:24 [notice] 1#1: getrlimit(RLIMIT_NOFILE): 1048576:1048576
2022/02/15 04:25:24 [notice] 1#1: start worker processes
2022/02/15 04:25:24 [notice] 1#1: start worker process 32
2022/02/15 04:25:24 [notice] 1#1: start worker process 33
2022/02/15 04:25:24 [notice] 1#1: start worker process 34
2022/02/15 04:25:24 [notice] 1#1: start worker process 35
2022/02/15 04:25:24 [notice] 1#1: start worker process 36
2022/02/15 04:25:24 [notice] 1#1: start cache manager process 37
2022/02/15 04:25:24 [notice] 1#1: start cache loader process 38
2022/02/15 04:26:24 [notice] 38#38: http file cache: /var/cache/nginx 0.000M, bsize: 4096
2022/02/15 04:26:24 [notice] 1#1: signal 17 (SIGCHLD) received from 38
2022/02/15 04:26:24 [notice] 1#1: cache loader process 38 exited with code 0
2022/02/15 04:26:24 [notice] 1#1: signal 29 (SIGIO) received
2022/02/15 04:27:07 [notice] 1#1: signal 3 (SIGQUIT) received, shutting down
2022/02/15 04:27:07 [notice] 33#33: gracefully shutting down
2022/02/15 04:27:07 [notice] 33#33: exiting
2022/02/15 04:27:07 [notice] 32#32: gracefully shutting down
2022/02/15 04:27:07 [notice] 34#34: gracefully shutting down
2022/02/15 04:27:07 [notice] 36#36: gracefully shutting down
2022/02/15 04:27:07 [notice] 35#35: gracefully shutting down
2022/02/15 04:27:07 [notice] 35#35: exiting
2022/02/15 04:27:07 [notice] 37#37: exiting
2022/02/15 04:27:07 [notice] 33#33: exit
2022/02/15 04:27:07 [notice] 32#32: exiting
2022/02/15 04:27:07 [notice] 32#32: exit
2022/02/15 04:27:07 [notice] 34#34: exiting
2022/02/15 04:27:07 [notice] 36#36: exiting
2022/02/15 04:27:07 [notice] 35#35: exit
2022/02/15 04:27:07 [notice] 34#34: exit
2022/02/15 04:27:07 [notice] 36#36: exit
2022/02/15 04:27:07 [notice] 1#1: signal 17 (SIGCHLD) received from 37
2022/02/15 04:27:07 [notice] 1#1: cache manager process 37 exited with code 0
2022/02/15 04:27:07 [notice] 1#1: signal 29 (SIGIO) received
2022/02/15 04:27:07 [notice] 1#1: signal 17 (SIGCHLD) received from 33
2022/02/15 04:27:07 [notice] 1#1: worker process 33 exited with code 0
2022/02/15 04:27:07 [notice] 1#1: signal 29 (SIGIO) received
2022/02/15 04:27:07 [notice] 1#1: signal 17 (SIGCHLD) received from 32
2022/02/15 04:27:07 [notice] 1#1: worker process 32 exited with code 0
2022/02/15 04:27:07 [notice] 1#1: worker process 35 exited with code 0
2022/02/15 04:27:07 [notice] 1#1: signal 29 (SIGIO) received
2022/02/15 04:27:07 [notice] 1#1: signal 17 (SIGCHLD) received from 35
2022/02/15 04:27:07 [notice] 1#1: signal 17 (SIGCHLD) received from 34
2022/02/15 04:27:07 [notice] 1#1: worker process 34 exited with code 0
2022/02/15 04:27:07 [notice] 1#1: signal 29 (SIGIO) received
2022/02/15 04:27:07 [notice] 1#1: signal 17 (SIGCHLD) received from 36
2022/02/15 04:27:07 [notice] 1#1: worker process 36 exited with code 0
2022/02/15 04:27:07 [notice] 1#1: exit
2022/02/15 04:27:14 [emerg] 1#1: host not found in upstream "node:4000" in /etc/nginx/conf.d/default.conf:4
2022/02/15 04:29:30 [notice] 1#1: using the "epoll" event method
2022/02/15 04:29:30 [notice] 1#1: nginx/1.21.6
2022/02/15 04:29:30 [notice] 1#1: built by gcc 10.3.1 20211027 (Alpine 10.3.1_git20211027) 
2022/02/15 04:29:30 [notice] 1#1: OS: Linux 5.10.76-linuxkit
2022/02/15 04:29:30 [notice] 1#1: getrlimit(RLIMIT_NOFILE): 1048576:1048576
2022/02/15 04:29:30 [notice] 1#1: start worker processes
2022/02/15 04:29:30 [notice] 1#1: start worker process 32
2022/02/15 04:29:30 [notice] 1#1: start worker process 33
2022/02/15 04:29:30 [notice] 1#1: start worker process 34
2022/02/15 04:29:30 [notice] 1#1: start worker process 35
2022/02/15 04:29:30 [notice] 1#1: start worker process 36
2022/02/15 04:29:30 [notice] 1#1: start cache manager process 37
2022/02/15 04:29:30 [notice] 1#1: start cache loader process 38
2022/02/15 04:30:31 [notice] 38#38: http file cache: /var/cache/nginx 0.000M, bsize: 4096
2022/02/15 04:30:31 [notice] 1#1: signal 17 (SIGCHLD) received from 38
2022/02/15 04:30:31 [notice] 1#1: cache loader process 38 exited with code 0
2022/02/15 04:30:31 [notice] 1#1: signal 29 (SIGIO) received
2022/02/15 04:31:17 [notice] 1#1: signal 3 (SIGQUIT) received, shutting down
2022/02/15 04:31:17 [notice] 32#32: gracefully shutting down
2022/02/15 04:31:17 [notice] 32#32: exiting
2022/02/15 04:31:17 [notice] 33#33: gracefully shutting down
2022/02/15 04:31:17 [notice] 33#33: exiting
2022/02/15 04:31:17 [notice] 36#36: gracefully shutting down
2022/02/15 04:31:17 [notice] 36#36: exiting
2022/02/15 04:31:17 [notice] 37#37: exiting
2022/02/15 04:31:17 [notice] 34#34: gracefully shutting down
2022/02/15 04:31:17 [notice] 34#34: exiting
2022/02/15 04:31:17 [notice] 35#35: gracefully shutting down
2022/02/15 04:31:17 [notice] 35#35: exiting
2022/02/15 04:31:17 [notice] 32#32: exit
2022/02/15 04:31:17 [notice] 33#33: exit
2022/02/15 04:31:17 [notice] 36#36: exit
2022/02/15 04:31:17 [notice] 34#34: exit
2022/02/15 04:31:17 [notice] 35#35: exit
2022/02/15 04:31:17 [notice] 1#1: signal 17 (SIGCHLD) received from 37
2022/02/15 04:31:17 [notice] 1#1: cache manager process 37 exited with code 0
2022/02/15 04:31:17 [notice] 1#1: signal 29 (SIGIO) received
2022/02/15 04:31:17 [notice] 1#1: signal 17 (SIGCHLD) received from 32
2022/02/15 04:31:17 [notice] 1#1: worker process 32 exited with code 0
2022/02/15 04:31:17 [notice] 1#1: signal 29 (SIGIO) received
2022/02/15 04:31:17 [notice] 1#1: signal 17 (SIGCHLD) received from 34
2022/02/15 04:31:17 [notice] 1#1: worker process 34 exited with code 0
2022/02/15 04:31:17 [notice] 1#1: signal 29 (SIGIO) received
2022/02/15 04:31:17 [notice] 1#1: signal 17 (SIGCHLD) received from 33
2022/02/15 04:31:17 [notice] 1#1: worker process 33 exited with code 0
2022/02/15 04:31:17 [notice] 1#1: signal 29 (SIGIO) received
2022/02/15 04:31:17 [notice] 1#1: signal 17 (SIGCHLD) received from 36
2022/02/15 04:31:17 [notice] 1#1: worker process 35 exited with code 0
2022/02/15 04:31:17 [notice] 1#1: worker process 36 exited with code 0
2022/02/15 04:31:17 [notice] 1#1: exit
2022/02/15 04:31:37 [notice] 1#1: using the "epoll" event method
2022/02/15 04:31:37 [notice] 1#1: nginx/1.21.6
2022/02/15 04:31:37 [notice] 1#1: built by gcc 10.3.1 20211027 (Alpine 10.3.1_git20211027) 
2022/02/15 04:31:37 [notice] 1#1: OS: Linux 5.10.76-linuxkit
2022/02/15 04:31:37 [notice] 1#1: getrlimit(RLIMIT_NOFILE): 1048576:1048576
2022/02/15 04:31:37 [notice] 1#1: start worker processes
2022/02/15 04:31:37 [notice] 1#1: start worker process 32
2022/02/15 04:31:37 [notice] 1#1: start worker process 33
2022/02/15 04:31:37 [notice] 1#1: start worker process 34
2022/02/15 04:31:37 [notice] 1#1: start worker process 35
2022/02/15 04:31:37 [notice] 1#1: start worker process 36
2022/02/15 04:31:37 [notice] 1#1: start cache manager process 37
2022/02/15 04:31:37 [notice] 1#1: start cache loader process 38
2022/02/15 04:32:38 [notice] 38#38: http file cache: /var/cache/nginx 0.000M, bsize: 4096
2022/02/15 04:32:38 [notice] 1#1: signal 17 (SIGCHLD) received from 38
2022/02/15 04:32:38 [notice] 1#1: cache loader process 38 exited with code 0
2022/02/15 04:32:38 [notice] 1#1: signal 29 (SIGIO) received
2022/02/15 04:32:53 [error] 33#33: *2 connect() failed (111: Connection refused) while connecting to upstream, client: 192.168.80.1, server: _, request: "GET / HTTP/1.1", upstream: "http://192.168.80.2:3000/", host: "localhost:8080"
2022/02/15 04:32:53 [error] 33#33: *2 connect() failed (111: Connection refused) while connecting to upstream, client: 192.168.80.1, server: _, request: "GET /favicon.ico HTTP/1.1", upstream: "http://192.168.80.2:3000/favicon.ico", host: "localhost:8080", referrer: "http://localhost:8080/"
2022/02/15 05:05:15 [error] 33#33: *51 connect() failed (111: Connection refused) while connecting to upstream, client: 192.168.80.1, server: _, request: "GET /_next/webpack-hmr HTTP/1.1", upstream: "http://192.168.80.2:3000/_next/webpack-hmr", host: "localhost:8080"
2022/02/15 05:05:21 [error] 33#33: *53 connect() failed (111: Connection refused) while connecting to upstream, client: 192.168.80.1, server: _, request: "GET /_next/webpack-hmr HTTP/1.1", upstream: "http://192.168.80.2:3000/_next/webpack-hmr", host: "localhost:8080"
2022/02/15 05:05:27 [error] 33#33: *55 connect() failed (111: Connection refused) while connecting to upstream, client: 192.168.80.1, server: _, request: "GET /_next/webpack-hmr HTTP/1.1", upstream: "http://192.168.80.2:3000/_next/webpack-hmr", host: "localhost:8080"
2022/02/15 05:05:33 [error] 33#33: *57 connect() failed (111: Connection refused) while connecting to upstream, client: 192.168.80.1, server: _, request: "GET /_next/webpack-hmr HTTP/1.1", upstream: "http://192.168.80.2:3000/_next/webpack-hmr", host: "localhost:8080"
2022/02/15 05:05:39 [error] 33#33: *59 connect() failed (111: Connection refused) while connecting to upstream, client: 192.168.80.1, server: _, request: "GET /_next/webpack-hmr HTTP/1.1", upstream: "http://192.168.80.2:3000/_next/webpack-hmr", host: "localhost:8080"
2022/02/15 05:05:45 [error] 33#33: *61 connect() failed (111: Connection refused) while connecting to upstream, client: 192.168.80.1, server: _, request: "GET /_next/webpack-hmr HTTP/1.1", upstream: "http://192.168.80.2:3000/_next/webpack-hmr", host: "localhost:8080"
2022/02/15 05:05:51 [error] 33#33: *63 connect() failed (111: Connection refused) while connecting to upstream, client: 192.168.80.1, server: _, request: "GET /_next/webpack-hmr HTTP/1.1", upstream: "http://192.168.80.2:3000/_next/webpack-hmr", host: "localhost:8080"
2022/02/15 05:05:57 [error] 33#33: *65 connect() failed (111: Connection refused) while connecting to upstream, client: 192.168.80.1, server: _, request: "GET /_next/webpack-hmr HTTP/1.1", upstream: "http://192.168.80.2:3000/_next/webpack-hmr", host: "localhost:8080"
2022/02/15 05:06:04 [error] 33#33: *67 connect() failed (111: Connection refused) while connecting to upstream, client: 192.168.80.1, server: _, request: "GET /_next/webpack-hmr HTTP/1.1", upstream: "http://192.168.80.2:3000/_next/webpack-hmr", host: "localhost:8080"
2022/02/15 05:06:10 [error] 33#33: *69 connect() failed (111: Connection refused) while connecting to upstream, client: 192.168.80.1, server: _, request: "GET /_next/webpack-hmr HTTP/1.1", upstream: "http://192.168.80.2:3000/_next/webpack-hmr", host: "localhost:8080"
2022/02/15 05:06:16 [error] 33#33: *71 connect() failed (111: Connection refused) while connecting to upstream, client: 192.168.80.1, server: _, request: "GET /_next/webpack-hmr HTTP/1.1", upstream: "http://192.168.80.2:3000/_next/webpack-hmr", host: "localhost:8080"
2022/02/15 05:06:22 [error] 33#33: *73 connect() failed (111: Connection refused) while connecting to upstream, client: 192.168.80.1, server: _, request: "GET /_next/webpack-hmr HTTP/1.1", upstream: "http://192.168.80.2:3000/_next/webpack-hmr", host: "localhost:8080"
2022/02/15 05:06:29 [error] 32#32: *75 connect() failed (111: Connection refused) while connecting to upstream, client: 192.168.80.1, server: _, request: "GET /_next/webpack-hmr HTTP/1.1", upstream: "http://192.168.80.2:3000/_next/webpack-hmr", host: "localhost:8080"
2022/02/15 05:06:35 [error] 32#32: *77 connect() failed (111: Connection refused) while connecting to upstream, client: 192.168.80.1, server: _, request: "GET /_next/webpack-hmr HTTP/1.1", upstream: "http://192.168.80.2:3000/_next/webpack-hmr", host: "localhost:8080"
2022/02/15 05:06:41 [error] 32#32: *79 connect() failed (111: Connection refused) while connecting to upstream, client: 192.168.80.1, server: _, request: "GET /_next/webpack-hmr HTTP/1.1", upstream: "http://192.168.80.2:3000/_next/webpack-hmr", host: "localhost:8080"
2022/02/15 05:06:47 [error] 32#32: *81 connect() failed (111: Connection refused) while connecting to upstream, client: 192.168.80.1, server: _, request: "GET /_next/webpack-hmr HTTP/1.1", upstream: "http://192.168.80.2:3000/_next/webpack-hmr", host: "localhost:8080"
2022/02/15 05:06:53 [error] 32#32: *83 connect() failed (111: Connection refused) while connecting to upstream, client: 192.168.80.1, server: _, request: "GET /_next/webpack-hmr HTTP/1.1", upstream: "http://192.168.80.2:3000/_next/webpack-hmr", host: "localhost:8080"
2022/02/15 05:06:59 [error] 32#32: *85 connect() failed (111: Connection refused) while connecting to upstream, client: 192.168.80.1, server: _, request: "GET /_next/webpack-hmr HTTP/1.1", upstream: "http://192.168.80.2:3000/_next/webpack-hmr", host: "localhost:8080"
2022/02/15 05:07:05 [error] 32#32: *87 connect() failed (111: Connection refused) while connecting to upstream, client: 192.168.80.1, server: _, request: "GET /_next/webpack-hmr HTTP/1.1", upstream: "http://192.168.80.2:3000/_next/webpack-hmr", host: "localhost:8080"
2022/02/15 05:07:11 [error] 32#32: *89 connect() failed (111: Connection refused) while connecting to upstream, client: 192.168.80.1, server: _, request: "GET /_next/webpack-hmr HTTP/1.1", upstream: "http://192.168.80.2:3000/_next/webpack-hmr", host: "localhost:8080"
2022/02/15 05:07:17 [error] 32#32: *91 connect() failed (111: Connection refused) while connecting to upstream, client: 192.168.80.1, server: _, request: "GET /_next/webpack-hmr HTTP/1.1", upstream: "http://192.168.80.2:3000/_next/webpack-hmr", host: "localhost:8080"
2022/02/15 05:07:24 [error] 32#32: *93 connect() failed (111: Connection refused) while connecting to upstream, client: 192.168.80.1, server: _, request: "GET /_next/webpack-hmr HTTP/1.1", upstream: "http://192.168.80.2:3000/_next/webpack-hmr", host: "localhost:8080"
2022/02/15 05:07:30 [error] 32#32: *95 connect() failed (111: Connection refused) while connecting to upstream, client: 192.168.80.1, server: _, request: "GET /_next/webpack-hmr HTTP/1.1", upstream: "http://192.168.80.2:3000/_next/webpack-hmr", host: "localhost:8080"
2022/02/15 05:07:36 [error] 32#32: *97 connect() failed (111: Connection refused) while connecting to upstream, client: 192.168.80.1, server: _, request: "GET /_next/webpack-hmr HTTP/1.1", upstream: "http://192.168.80.2:3000/_next/webpack-hmr", host: "localhost:8080"
2022/02/15 05:07:43 [error] 32#32: *99 connect() failed (111: Connection refused) while connecting to upstream, client: 192.168.80.1, server: _, request: "GET /_next/webpack-hmr HTTP/1.1", upstream: "http://192.168.80.2:3000/_next/webpack-hmr", host: "localhost:8080"
2022/02/15 05:07:49 [error] 32#32: *101 connect() failed (111: Connection refused) while connecting to upstream, client: 192.168.80.1, server: _, request: "GET /_next/webpack-hmr HTTP/1.1", upstream: "http://192.168.80.2:3000/_next/webpack-hmr", host: "localhost:8080"
2022/02/15 05:07:55 [error] 34#34: *103 connect() failed (111: Connection refused) while connecting to upstream, client: 192.168.80.1, server: _, request: "GET /_next/webpack-hmr HTTP/1.1", upstream: "http://192.168.80.2:3000/_next/webpack-hmr", host: "localhost:8080"
2022/02/15 05:08:01 [error] 34#34: *105 connect() failed (111: Connection refused) while connecting to upstream, client: 192.168.80.1, server: _, request: "GET /_next/webpack-hmr HTTP/1.1", upstream: "http://192.168.80.2:3000/_next/webpack-hmr", host: "localhost:8080"
2022/02/15 05:08:07 [error] 34#34: *107 connect() failed (111: Connection refused) while connecting to upstream, client: 192.168.80.1, server: _, request: "GET /_next/webpack-hmr HTTP/1.1", upstream: "http://192.168.80.2:3000/_next/webpack-hmr", host: "localhost:8080"
2022/02/15 05:08:14 [error] 34#34: *109 connect() failed (111: Connection refused) while connecting to upstream, client: 192.168.80.1, server: _, request: "GET /_next/webpack-hmr HTTP/1.1", upstream: "http://192.168.80.2:3000/_next/webpack-hmr", host: "localhost:8080"
2022/02/15 05:08:20 [error] 34#34: *111 connect() failed (111: Connection refused) while connecting to upstream, client: 192.168.80.1, server: _, request: "GET /_next/webpack-hmr HTTP/1.1", upstream: "http://192.168.80.2:3000/_next/webpack-hmr", host: "localhost:8080"
2022/02/15 05:08:26 [error] 34#34: *113 connect() failed (111: Connection refused) while connecting to upstream, client: 192.168.80.1, server: _, request: "GET /_next/webpack-hmr HTTP/1.1", upstream: "http://192.168.80.2:3000/_next/webpack-hmr", host: "localhost:8080"
2022/02/15 05:08:57 [error] 34#34: *123 connect() failed (111: Connection refused) while connecting to upstream, client: 192.168.80.1, server: _, request: "GET /_next/webpack-hmr HTTP/1.1", upstream: "http://192.168.80.2:3000/_next/webpack-hmr", host: "localhost:8080"
2022/02/15 05:09:00 [error] 36#36: *125 connect() failed (111: Connection refused) while connecting to upstream, client: 192.168.80.1, server: _, request: "GET / HTTP/1.1", upstream: "http://192.168.80.2:3000/", host: "localhost:8080"
2022/02/15 05:09:00 [error] 36#36: *125 connect() failed (111: Connection refused) while connecting to upstream, client: 192.168.80.1, server: _, request: "GET /favicon.ico HTTP/1.1", upstream: "http://192.168.80.2:3000/favicon.ico", host: "localhost:8080", referrer: "http://localhost:8080/"
2022/02/15 10:06:39 [notice] 1#1: signal 3 (SIGQUIT) received, shutting down
2022/02/15 10:06:39 [notice] 36#36: gracefully shutting down
2022/02/15 10:06:39 [notice] 37#37: exiting
2022/02/15 10:06:39 [notice] 33#33: gracefully shutting down
2022/02/15 10:06:39 [notice] 33#33: exiting
2022/02/15 10:06:39 [notice] 34#34: gracefully shutting down
2022/02/15 10:06:39 [notice] 34#34: exiting
2022/02/15 10:06:39 [notice] 32#32: gracefully shutting down
2022/02/15 10:06:39 [notice] 32#32: exiting
2022/02/15 10:06:39 [notice] 35#35: gracefully shutting down
2022/02/15 10:06:39 [notice] 35#35: exiting
2022/02/15 10:06:39 [notice] 36#36: exiting
2022/02/15 10:06:39 [notice] 33#33: exit
2022/02/15 10:06:39 [notice] 34#34: exit
2022/02/15 10:06:39 [notice] 32#32: exit
2022/02/15 10:06:39 [notice] 35#35: exit
2022/02/15 10:06:39 [notice] 36#36: exit
2022/02/15 10:06:39 [notice] 1#1: signal 17 (SIGCHLD) received from 37
2022/02/15 10:06:39 [notice] 1#1: cache manager process 37 exited with code 0
2022/02/15 10:06:39 [notice] 1#1: signal 29 (SIGIO) received
2022/02/15 10:06:39 [notice] 1#1: signal 17 (SIGCHLD) received from 35
2022/02/15 10:06:39 [notice] 1#1: worker process 35 exited with code 0
2022/02/15 10:06:39 [notice] 1#1: signal 29 (SIGIO) received
2022/02/15 10:06:39 [notice] 1#1: signal 17 (SIGCHLD) received from 33
2022/02/15 10:06:39 [notice] 1#1: worker process 32 exited with code 0
2022/02/15 10:06:39 [notice] 1#1: worker process 33 exited with code 0
2022/02/15 10:06:39 [notice] 1#1: signal 29 (SIGIO) received
2022/02/15 10:06:39 [notice] 1#1: signal 17 (SIGCHLD) received from 34
2022/02/15 10:06:39 [notice] 1#1: worker process 34 exited with code 0
2022/02/15 10:06:39 [notice] 1#1: signal 29 (SIGIO) received
2022/02/15 10:06:39 [notice] 1#1: signal 17 (SIGCHLD) received from 36
2022/02/15 10:06:39 [notice] 1#1: worker process 36 exited with code 0
2022/02/15 10:06:39 [notice] 1#1: exit
2022/02/15 10:14:59 [notice] 1#1: using the "epoll" event method
2022/02/15 10:14:59 [notice] 1#1: nginx/1.21.6
2022/02/15 10:14:59 [notice] 1#1: built by gcc 10.3.1 20211027 (Alpine 10.3.1_git20211027) 
2022/02/15 10:14:59 [notice] 1#1: OS: Linux 5.10.76-linuxkit
2022/02/15 10:14:59 [notice] 1#1: getrlimit(RLIMIT_NOFILE): 1048576:1048576
2022/02/15 10:14:59 [notice] 1#1: start worker processes
2022/02/15 10:14:59 [notice] 1#1: start worker process 32
2022/02/15 10:14:59 [notice] 1#1: start worker process 33
2022/02/15 10:14:59 [notice] 1#1: start worker process 34
2022/02/15 10:14:59 [notice] 1#1: start worker process 35
2022/02/15 10:14:59 [notice] 1#1: start worker process 36
2022/02/15 10:14:59 [notice] 1#1: start cache manager process 37
2022/02/15 10:14:59 [notice] 1#1: start cache loader process 38
2022/02/15 10:15:59 [notice] 38#38: http file cache: /var/cache/nginx 0.000M, bsize: 4096
2022/02/15 10:15:59 [notice] 1#1: signal 17 (SIGCHLD) received from 38
2022/02/15 10:15:59 [notice] 1#1: cache loader process 38 exited with code 0
2022/02/15 10:15:59 [notice] 1#1: signal 29 (SIGIO) received
2022/02/15 10:20:48 [notice] 1#1: signal 3 (SIGQUIT) received, shutting down
2022/02/15 10:20:48 [notice] 33#33: gracefully shutting down
2022/02/15 10:20:48 [notice] 33#33: exiting
2022/02/15 10:20:48 [notice] 34#34: gracefully shutting down
2022/02/15 10:20:48 [notice] 34#34: exiting
2022/02/15 10:20:48 [notice] 36#36: gracefully shutting down
2022/02/15 10:20:48 [notice] 36#36: exiting
2022/02/15 10:20:48 [notice] 35#35: gracefully shutting down
2022/02/15 10:20:48 [notice] 35#35: exiting
2022/02/15 10:20:48 [notice] 32#32: gracefully shutting down
2022/02/15 10:20:48 [notice] 37#37: exiting
2022/02/15 10:20:48 [notice] 33#33: exit
2022/02/15 10:20:48 [notice] 34#34: exit
2022/02/15 10:20:48 [notice] 36#36: exit
2022/02/15 10:20:48 [notice] 35#35: exit
2022/02/15 10:20:48 [notice] 32#32: exiting
2022/02/15 10:20:48 [notice] 32#32: exit
2022/02/15 10:20:48 [notice] 1#1: signal 17 (SIGCHLD) received from 33
2022/02/15 10:20:48 [notice] 1#1: worker process 33 exited with code 0
2022/02/15 10:20:48 [notice] 1#1: cache manager process 37 exited with code 0
2022/02/15 10:20:48 [notice] 1#1: signal 29 (SIGIO) received
2022/02/15 10:20:48 [notice] 1#1: signal 17 (SIGCHLD) received from 35
2022/02/15 10:20:48 [notice] 1#1: worker process 35 exited with code 0
2022/02/15 10:20:48 [notice] 1#1: worker process 36 exited with code 0
2022/02/15 10:20:48 [notice] 1#1: signal 29 (SIGIO) received
2022/02/15 10:20:48 [notice] 1#1: signal 17 (SIGCHLD) received from 36
2022/02/15 10:20:48 [notice] 1#1: signal 17 (SIGCHLD) received from 32
2022/02/15 10:20:48 [notice] 1#1: worker process 32 exited with code 0
2022/02/15 10:20:48 [notice] 1#1: signal 17 (SIGCHLD) received from 34
2022/02/15 10:20:48 [notice] 1#1: worker process 34 exited with code 0
2022/02/15 10:20:48 [notice] 1#1: exit
2022/02/15 10:30:48 [notice] 1#1: using the "epoll" event method
2022/02/15 10:30:48 [notice] 1#1: nginx/1.21.6
2022/02/15 10:30:48 [notice] 1#1: built by gcc 10.3.1 20211027 (Alpine 10.3.1_git20211027) 
2022/02/15 10:30:48 [notice] 1#1: OS: Linux 5.10.76-linuxkit
2022/02/15 10:30:48 [notice] 1#1: getrlimit(RLIMIT_NOFILE): 1048576:1048576
2022/02/15 10:30:48 [notice] 1#1: start worker processes
2022/02/15 10:30:48 [notice] 1#1: start worker process 32
2022/02/15 10:30:48 [notice] 1#1: start worker process 33
2022/02/15 10:30:48 [notice] 1#1: start worker process 34
2022/02/15 10:30:48 [notice] 1#1: start worker process 35
2022/02/15 10:30:48 [notice] 1#1: start worker process 36
2022/02/15 10:30:48 [notice] 1#1: start cache manager process 37
2022/02/15 10:30:48 [notice] 1#1: start cache loader process 38
2022/02/15 10:31:45 [notice] 1#1: signal 3 (SIGQUIT) received, shutting down
2022/02/15 10:31:45 [notice] 32#32: gracefully shutting down
2022/02/15 10:31:45 [notice] 33#33: gracefully shutting down
2022/02/15 10:31:45 [notice] 33#33: exiting
2022/02/15 10:31:45 [notice] 36#36: gracefully shutting down
2022/02/15 10:31:45 [notice] 37#37: exiting
2022/02/15 10:31:45 [notice] 35#35: gracefully shutting down
2022/02/15 10:31:45 [notice] 35#35: exiting
2022/02/15 10:31:45 [notice] 38#38: exiting
2022/02/15 10:31:45 [notice] 34#34: gracefully shutting down
2022/02/15 10:31:45 [notice] 34#34: exiting
2022/02/15 10:31:45 [notice] 32#32: exiting
2022/02/15 10:31:45 [notice] 33#33: exit
2022/02/15 10:31:45 [notice] 36#36: exiting
2022/02/15 10:31:45 [notice] 35#35: exit
2022/02/15 10:31:45 [notice] 34#34: exit
2022/02/15 10:31:45 [notice] 32#32: exit
2022/02/15 10:31:45 [notice] 36#36: exit
2022/02/15 10:31:45 [notice] 1#1: signal 17 (SIGCHLD) received from 37
2022/02/15 10:31:45 [notice] 1#1: cache manager process 37 exited with code 0
2022/02/15 10:31:45 [notice] 1#1: signal 29 (SIGIO) received
2022/02/15 10:31:45 [notice] 1#1: signal 17 (SIGCHLD) received from 38
2022/02/15 10:31:45 [notice] 1#1: cache loader process 38 exited with code 0
2022/02/15 10:31:45 [notice] 1#1: signal 29 (SIGIO) received
2022/02/15 10:31:45 [notice] 1#1: signal 17 (SIGCHLD) received from 34
2022/02/15 10:31:45 [notice] 1#1: worker process 34 exited with code 0
2022/02/15 10:31:45 [notice] 1#1: signal 29 (SIGIO) received
2022/02/15 10:31:45 [notice] 1#1: signal 17 (SIGCHLD) received from 36
2022/02/15 10:31:45 [notice] 1#1: worker process 32 exited with code 0
2022/02/15 10:31:45 [notice] 1#1: worker process 35 exited with code 0
2022/02/15 10:31:45 [notice] 1#1: worker process 36 exited with code 0
2022/02/15 10:31:45 [notice] 1#1: signal 29 (SIGIO) received
2022/02/15 10:31:45 [notice] 1#1: signal 17 (SIGCHLD) received from 33
2022/02/15 10:31:45 [notice] 1#1: worker process 33 exited with code 0
2022/02/15 10:31:45 [notice] 1#1: exit
2022/02/16 10:53:29 [notice] 1#1: using the "epoll" event method
2022/02/16 10:53:29 [notice] 1#1: nginx/1.21.6
2022/02/16 10:53:29 [notice] 1#1: built by gcc 10.3.1 20211027 (Alpine 10.3.1_git20211027) 
2022/02/16 10:53:29 [notice] 1#1: OS: Linux 5.10.76-linuxkit
2022/02/16 10:53:29 [notice] 1#1: getrlimit(RLIMIT_NOFILE): 1048576:1048576
2022/02/16 10:53:29 [notice] 1#1: start worker processes
2022/02/16 10:53:29 [notice] 1#1: start worker process 33
2022/02/16 10:53:29 [notice] 1#1: start worker process 34
2022/02/16 10:53:29 [notice] 1#1: start worker process 35
2022/02/16 10:53:29 [notice] 1#1: start worker process 36
2022/02/16 10:53:29 [notice] 1#1: start worker process 37
2022/02/16 10:53:29 [notice] 1#1: start cache manager process 38
2022/02/16 10:53:29 [notice] 1#1: start cache loader process 39
2022/02/16 10:54:29 [notice] 39#39: http file cache: /var/cache/nginx 0.000M, bsize: 4096
2022/02/16 10:54:29 [notice] 1#1: signal 17 (SIGCHLD) received from 39
2022/02/16 10:54:29 [notice] 1#1: cache loader process 39 exited with code 0
2022/02/16 10:54:29 [notice] 1#1: signal 29 (SIGIO) received
2022/02/18 10:08:19 [notice] 1#1: using the "epoll" event method
2022/02/18 10:08:19 [notice] 1#1: nginx/1.21.6
2022/02/18 10:08:19 [notice] 1#1: built by gcc 10.3.1 20211027 (Alpine 10.3.1_git20211027) 
2022/02/18 10:08:19 [notice] 1#1: OS: Linux 5.10.76-linuxkit
2022/02/18 10:08:19 [notice] 1#1: getrlimit(RLIMIT_NOFILE): 1048576:1048576
2022/02/18 10:08:19 [notice] 1#1: start worker processes
2022/02/18 10:08:19 [notice] 1#1: start worker process 32
2022/02/18 10:08:19 [notice] 1#1: start worker process 33
2022/02/18 10:08:19 [notice] 1#1: start worker process 34
2022/02/18 10:08:19 [notice] 1#1: start worker process 35
2022/02/18 10:08:19 [notice] 1#1: start worker process 36
2022/02/18 10:08:19 [notice] 1#1: start cache manager process 37
2022/02/18 10:08:19 [notice] 1#1: start cache loader process 38
2022/02/18 10:09:19 [notice] 38#38: http file cache: /var/cache/nginx 0.000M, bsize: 4096
2022/02/18 10:09:19 [notice] 1#1: signal 17 (SIGCHLD) received from 38
2022/02/18 10:09:19 [notice] 1#1: cache loader process 38 exited with code 0
2022/02/18 10:09:19 [notice] 1#1: signal 29 (SIGIO) received
2022/02/18 11:13:20 [notice] 1#1: signal 3 (SIGQUIT) received, shutting down
2022/02/18 11:13:20 [notice] 32#32: gracefully shutting down
2022/02/18 11:13:20 [notice] 34#34: gracefully shutting down
2022/02/18 11:13:20 [notice] 34#34: exiting
2022/02/18 11:13:20 [notice] 35#35: gracefully shutting down
2022/02/18 11:13:20 [notice] 35#35: exiting
2022/02/18 11:13:20 [notice] 36#36: gracefully shutting down
2022/02/18 11:13:20 [notice] 36#36: exiting
2022/02/18 11:13:20 [notice] 37#37: exiting
2022/02/18 11:13:20 [notice] 33#33: gracefully shutting down
2022/02/18 11:13:20 [notice] 34#34: exit
2022/02/18 11:13:20 [notice] 35#35: exit
2022/02/18 11:13:20 [notice] 36#36: exit
2022/02/18 11:13:20 [notice] 33#33: exiting
2022/02/18 11:13:20 [notice] 33#33: exit
2022/02/18 11:13:20 [notice] 1#1: signal 17 (SIGCHLD) received from 37
2022/02/18 11:13:20 [notice] 1#1: cache manager process 37 exited with code 0
2022/02/18 11:13:20 [notice] 1#1: signal 29 (SIGIO) received
2022/02/18 11:13:20 [notice] 1#1: signal 17 (SIGCHLD) received from 34
2022/02/18 11:13:20 [notice] 1#1: worker process 34 exited with code 0
2022/02/18 11:13:20 [notice] 1#1: signal 29 (SIGIO) received
2022/02/18 11:13:20 [notice] 1#1: signal 17 (SIGCHLD) received from 36
2022/02/18 11:13:20 [notice] 1#1: worker process 36 exited with code 0
2022/02/18 11:13:20 [notice] 1#1: signal 29 (SIGIO) received
2022/02/18 11:13:20 [notice] 1#1: signal 17 (SIGCHLD) received from 33
2022/02/18 11:13:20 [notice] 1#1: worker process 33 exited with code 0
2022/02/18 11:13:20 [notice] 1#1: signal 17 (SIGCHLD) received from 35
2022/02/18 11:13:20 [notice] 1#1: worker process 35 exited with code 0
2022/02/18 11:13:20 [notice] 1#1: signal 29 (SIGIO) received
2022/02/18 11:13:20 [notice] 1#1: signal 29 (SIGIO) received
2022/02/18 11:13:20 [notice] 32#32: exiting
2022/02/18 11:13:20 [notice] 32#32: exit
2022/02/18 11:13:20 [notice] 1#1: signal 17 (SIGCHLD) received from 32
2022/02/18 11:13:20 [notice] 1#1: worker process 32 exited with code 0
2022/02/18 11:13:20 [notice] 1#1: exit
2022/02/18 11:13:52 [notice] 1#1: using the "epoll" event method
2022/02/18 11:13:52 [notice] 1#1: nginx/1.21.6
2022/02/18 11:13:52 [notice] 1#1: built by gcc 10.3.1 20211027 (Alpine 10.3.1_git20211027) 
2022/02/18 11:13:52 [notice] 1#1: OS: Linux 5.10.76-linuxkit
2022/02/18 11:13:52 [notice] 1#1: getrlimit(RLIMIT_NOFILE): 1048576:1048576
2022/02/18 11:13:52 [notice] 1#1: start worker processes
2022/02/18 11:13:52 [notice] 1#1: start worker process 32
2022/02/18 11:13:52 [notice] 1#1: start worker process 33
2022/02/18 11:13:52 [notice] 1#1: start worker process 34
2022/02/18 11:13:52 [notice] 1#1: start worker process 35
2022/02/18 11:13:52 [notice] 1#1: start worker process 36
2022/02/18 11:13:52 [notice] 1#1: start cache manager process 37
2022/02/18 11:13:52 [notice] 1#1: start cache loader process 38
2022/02/18 11:13:52 [error] 32#32: *1 connect() failed (111: Connection refused) while connecting to upstream, client: 192.168.96.1, server: _, request: "GET /_next/webpack-hmr HTTP/1.1", upstream: "http://192.168.96.3:3000/_next/webpack-hmr", host: "localhost:8080"
2022/02/18 11:14:52 [notice] 38#38: http file cache: /var/cache/nginx 0.000M, bsize: 4096
2022/02/18 11:14:52 [notice] 1#1: signal 17 (SIGCHLD) received from 38
2022/02/18 11:14:52 [notice] 1#1: cache loader process 38 exited with code 0
2022/02/18 11:14:52 [notice] 1#1: signal 29 (SIGIO) received
2022/02/18 11:51:25 [notice] 1#1: signal 3 (SIGQUIT) received, shutting down
2022/02/18 11:51:25 [notice] 35#35: gracefully shutting down
2022/02/18 11:51:25 [notice] 35#35: exiting
2022/02/18 11:51:25 [notice] 32#32: gracefully shutting down
2022/02/18 11:51:25 [notice] 32#32: exiting
2022/02/18 11:51:25 [notice] 33#33: gracefully shutting down
2022/02/18 11:51:25 [notice] 37#37: exiting
2022/02/18 11:51:25 [notice] 34#34: gracefully shutting down
2022/02/18 11:51:25 [notice] 34#34: exiting
2022/02/18 11:51:25 [notice] 36#36: gracefully shutting down
2022/02/18 11:51:25 [notice] 35#35: exit
2022/02/18 11:51:25 [notice] 32#32: exit
2022/02/18 11:51:25 [notice] 33#33: exiting
2022/02/18 11:51:25 [notice] 33#33: exit
2022/02/18 11:51:25 [notice] 34#34: exit
2022/02/18 11:51:25 [notice] 36#36: exiting
2022/02/18 11:51:25 [notice] 36#36: exit
2022/02/18 11:51:25 [notice] 1#1: signal 17 (SIGCHLD) received from 37
2022/02/18 11:51:25 [notice] 1#1: cache manager process 37 exited with code 0
2022/02/18 11:51:25 [notice] 1#1: signal 29 (SIGIO) received
2022/02/18 11:51:25 [notice] 1#1: signal 17 (SIGCHLD) received from 35
2022/02/18 11:51:25 [notice] 1#1: worker process 35 exited with code 0
2022/02/18 11:51:25 [notice] 1#1: signal 29 (SIGIO) received
2022/02/18 11:51:25 [notice] 1#1: signal 17 (SIGCHLD) received from 32
2022/02/18 11:51:25 [notice] 1#1: worker process 32 exited with code 0
2022/02/18 11:51:25 [notice] 1#1: signal 29 (SIGIO) received
2022/02/18 11:51:25 [notice] 1#1: signal 17 (SIGCHLD) received from 34
2022/02/18 11:51:25 [notice] 1#1: worker process 33 exited with code 0
2022/02/18 11:51:25 [notice] 1#1: worker process 34 exited with code 0
2022/02/18 11:51:25 [notice] 1#1: signal 29 (SIGIO) received
2022/02/18 11:51:25 [notice] 1#1: signal 17 (SIGCHLD) received from 36
2022/02/18 11:51:25 [notice] 1#1: worker process 36 exited with code 0
2022/02/18 11:51:25 [notice] 1#1: exit
2022/09/09 03:59:14 [notice] 1#1: using the "epoll" event method
2022/09/09 03:59:14 [notice] 1#1: nginx/1.21.6
2022/09/09 03:59:14 [notice] 1#1: built by gcc 10.3.1 20211027 (Alpine 10.3.1_git20211027) 
2022/09/09 03:59:14 [notice] 1#1: OS: Linux 5.10.76-linuxkit
2022/09/09 03:59:14 [notice] 1#1: getrlimit(RLIMIT_NOFILE): 1048576:1048576
2022/09/09 03:59:14 [notice] 1#1: start worker processes
2022/09/09 03:59:14 [notice] 1#1: start worker process 31
2022/09/09 03:59:14 [notice] 1#1: start worker process 32
2022/09/09 03:59:14 [notice] 1#1: start worker process 33
2022/09/09 03:59:14 [notice] 1#1: start worker process 34
2022/09/09 03:59:14 [notice] 1#1: start worker process 35
2022/09/09 03:59:14 [notice] 1#1: start cache manager process 36
2022/09/09 03:59:14 [notice] 1#1: start cache loader process 37
2022/09/09 04:00:14 [notice] 37#37: http file cache: /var/cache/nginx 0.000M, bsize: 4096
2022/09/09 04:00:14 [notice] 1#1: signal 17 (SIGCHLD) received from 37
2022/09/09 04:00:14 [notice] 1#1: cache loader process 37 exited with code 0
2022/09/09 04:00:14 [notice] 1#1: signal 29 (SIGIO) received
2022/09/09 04:02:00 [notice] 1#1: signal 3 (SIGQUIT) received, shutting down
2022/09/09 04:02:00 [notice] 31#31: gracefully shutting down
2022/09/09 04:02:00 [notice] 32#32: gracefully shutting down
2022/09/09 04:02:00 [notice] 35#35: gracefully shutting down
2022/09/09 04:02:00 [notice] 35#35: exiting
2022/09/09 04:02:00 [notice] 33#33: gracefully shutting down
2022/09/09 04:02:00 [notice] 33#33: exiting
2022/09/09 04:02:00 [notice] 36#36: exiting
2022/09/09 04:02:00 [notice] 34#34: gracefully shutting down
2022/09/09 04:02:00 [notice] 34#34: exiting
2022/09/09 04:02:00 [notice] 32#32: exiting
2022/09/09 04:02:00 [notice] 32#32: exit
2022/09/09 04:02:00 [notice] 35#35: exit
2022/09/09 04:02:00 [notice] 33#33: exit
2022/09/09 04:02:00 [notice] 34#34: exit
2022/09/09 04:02:00 [notice] 1#1: signal 17 (SIGCHLD) received from 36
2022/09/09 04:02:00 [notice] 1#1: cache manager process 36 exited with code 0
2022/09/09 04:02:00 [notice] 1#1: signal 29 (SIGIO) received
2022/09/09 04:02:00 [notice] 1#1: signal 17 (SIGCHLD) received from 32
2022/09/09 04:02:00 [notice] 1#1: worker process 32 exited with code 0
2022/09/09 04:02:00 [notice] 1#1: signal 29 (SIGIO) received
2022/09/09 04:02:00 [notice] 1#1: signal 17 (SIGCHLD) received from 34
2022/09/09 04:02:00 [notice] 1#1: worker process 34 exited with code 0
2022/09/09 04:02:00 [notice] 1#1: signal 29 (SIGIO) received
2022/09/09 04:02:00 [notice] 1#1: signal 17 (SIGCHLD) received from 35
2022/09/09 04:02:00 [notice] 1#1: worker process 33 exited with code 0
2022/09/09 04:02:00 [notice] 1#1: worker process 35 exited with code 0
2022/09/09 04:02:00 [notice] 1#1: signal 29 (SIGIO) received
2022/09/09 04:02:00 [notice] 31#31: exiting
2022/09/09 04:02:00 [notice] 1#1: signal 17 (SIGCHLD) received from 33
2022/09/09 04:02:00 [notice] 31#31: exit
2022/09/09 04:02:00 [notice] 1#1: signal 17 (SIGCHLD) received from 31
2022/09/09 04:02:00 [notice] 1#1: worker process 31 exited with code 0
2022/09/09 04:02:00 [notice] 1#1: exit
